Arguments: 
  C:\Program Files\nodejs\node.exe C:\Users\pared\AppData\Roaming\npm\node_modules\yarn\bin\yarn.js add body-parser

PATH: 
  C:\Program Files (x86)\Razer\ChromaBroadcast\bin;C:\Program Files\Razer\ChromaBroadcast\bin;C:\Program Files (x86)\Common Files\Oracle\Java\javapath;C:\Program Files (x86)\Razer Chroma SDK\bin;C:\Program Files\Razer Chroma SDK\bin;C:\Program Files (x86)\Intel\iCLS Client\;C:\Program Files\Intel\iCLS Client\;C:\Windows\System32;C:\Windows;C:\Windows\System32\Wbem;C:\Windows\System32\WindowsPowerShell\v1.0\;C:\Program Files (x86)\NVIDIA Corporation\PhysX\Common;C:\Program Files (x86)\Intel\Intel(R) Management Engine Components\DAL;C:\Program Files\Intel\Intel(R) Management Engine Components\DAL;C:\Program Files (x86)\Intel\Intel(R) Management Engine Components\IPT;C:\Program Files\Intel\Intel(R) Management Engine Components\IPT;C:\Program Files\Intel\WiFi\bin\;C:\Program Files\Common Files\Intel\WirelessCommon\;C:\WINDOWS\system32;C:\WINDOWS;C:\WINDOWS\System32\Wbem;C:\WINDOWS\System32\WindowsPowerShell\v1.0\;C:\WINDOWS\System32\OpenSSH\;C:\WINDOWS\system32\config\systemprofile\AppData\Local\Microsoft\WindowsApps;C:\Program Files\NVIDIA Corporation\NVIDIA NvDLISR;C:\Program Files\dotnet\;C:\Program Files\Microsoft SQL Server\130\Tools\Binn\;C:\Program Files\Microsoft SQL Server\Client SDK\ODBC\170\Tools\Binn\;C:\Program Files\Git\cmd;C:\Program Files\Sublime Text 3;C:\Program Files (x86)\WinMerge;C:\Ruby26-x64\bin;C:\Users\pared\AppData\Local\Microsoft\WindowsApps;C:\Users\pared\.dotnet\tools;C:\Users\pared\AppData\Local\Programs\Microsoft VS Code\bin;C:\Users\pared\AppData\Local\GitHubDesktop\bin;C:\Users\pared\AppData\Roaming\npm;C:\WINDOWS\system32;C:\WINDOWS;C:\WINDOWS\System32\Wbem;C:\WINDOWS\System32\WindowsPowerShell\v1.0\;C:\WINDOWS\System32\OpenSSH\;C:\Program Files\nodejs\;C:\Ruby26-x64\bin;C:\Users\pared\AppData\Local\Microsoft\WindowsApps;C:\Users\pared\.dotnet\tools;C:\Users\pared\AppData\Local\GitHubDesktop\bin;C:\Program Files\Sublime Text 3;C:\Users\pared\AppData\Local\Microsoft\WindowsApps;C:\Users\pared\.dotnet\tools;C:\Users\pared\AppData\Local\Programs\Microsoft VS Code\bin;C:\Users\pared\AppData\Roaming\npm

Yarn version: 
  1.22.10

Node version: 
  14.15.5

Platform: 
  win32 x64

Trace: 
  Error: EPERM: operation not permitted, unlink 'C:\Users\pared\Desktop\OC\p7-reseau-soc\back\node_modules\bcrypt\lib\binding\napi-v3\bcrypt_lib.node'

npm manifest: 
  {
    "name": "back",
    "version": "1.0.0",
    "main": "app.js",
    "dependencies": {
      "bcrypt": "^5.0.0",
      "dotenv": "^8.2.0",
      "express": "^4.17.1",
      "forever": "^3.0.4",
      "jsonwebtoken": "^8.5.1",
      "multer": "^1.4.2",
      "mysql": "^2.18.1",
      "nodemon": "^2.0.7"
    },
    "devDependencies": {},
    "scripts": {
      "test": "echo \"Error: no test specified\" && exit 1",
      "dev": "nodemon server.js",
      "prod": "forever server.js",
      "kill": "npx kill-port 3001"
    },
    "author": "",
    "license": "ISC",
    "description": ""
  }

yarn manifest: 
  No manifest

Lockfile: 
  No lockfile
